<?xml version="1.0" encoding="UTF-8" standalone="no" ?>
<testsuites>
  <testsuite errors="0" failures="0" name="FixedMultiIndexSetTest" skipped="0" tests="1" time="0.0054522">
    <testcase classname="FixedMultiIndexSetTest" name="size" time="0.0054522"/>
  </testsuite>
  <testsuite errors="0" failures="1" name="MultiIndexSetTest" skipped="0" tests="2" time="0.98666">
    <testcase classname="MultiIndexSetTest" name="TestCreateTotalOrder" time="0.017014"/>
    <testcase classname="MultiIndexSetTest" name="TestDiagonalIndices" time="0.96965">
      <failure type="VerificationFailure">Verification failed in MultiIndexSetTest/TestDiagonalIndices.
    ---------------------
    Framework Diagnostic:
    ---------------------
    verifyEqual failed.
    --&gt; The numeric values are not equal using "isequaln".
    --&gt; Failure table (First 50 out of 70 failed indices):
            Index    Actual    Expected    AbsoluteError
            _____    ______    ________    _____________
                                                        
             1         2          1             1       
             2         3          2             1       
             3         4          3             1       
             4         5          4             1       
             5         6          5             1       
             6         8          6             2       
             7         9          7             2       
             8         10         8             2       
             9         11         9             2       
             10        13         10            3       
             11        14         11            3       
             12        15         12            3       
             13        17         13            4       
             14        18         14            4       
             15        20         15            5       
             16        23         16            7       
             17        24         17            7       
             18        25         18            7       
             19        26         19            7       
             20        28         20            8       
             21        29         21            8       
             22        30         22            8       
             23        32         23            9       
             24        33         24            9       
             25        35         25            10      
             26        38         26            12      
             27        39         27            12      
             28        40         28            12      
             29        42         29            13      
             30        43         30            13      
             31        45         31            14      
             32        48         32            16      
             33        49         33            16      
             34        51         34            17      
             35        54         35            19      
             36        58         36            22      
             37        59         37            22      
             38        60         38            22      
             39        61         39            22      
             40        63         40            23      
             41        64         41            23      
             42        65         42            23      
             43        67         43            24      
             44        68         44            24      
             45        70         45            25      
             46        73         46            27      
             47        74         47            27      
             48        75         48            27      
             49        77         49            28      
             50        78         50            28      
    
    Actual Value:
        1x70 uint32
    Expected Value:
        1x70 uint32
    ------------------
    Stack Information:
    ------------------
    In /Users/dannys4/git-repos/MParT/bindings/matlab/tests/MultiIndexSetTest.m (MultiIndexSetTest.TestDiagonalIndices) at 27Verification failed in MultiIndexSetTest/TestDiagonalIndices.
    ---------------------
    Framework Diagnostic:
    ---------------------
    verifyEqual failed.
    --&gt; Sizes do not match.
        
        Actual size:
             1    70
        Expected size:
             1     1
    
    Actual Value:
        1x70 uint32
    Expected Value:
      uint32
    
       70
    ------------------
    Stack Information:
    ------------------
    In /Users/dannys4/git-repos/MParT/bindings/matlab/tests/MultiIndexSetTest.m (MultiIndexSetTest.TestDiagonalIndices) at 28</failure>
    </testcase>
  </testsuite>
  <testsuite errors="0" failures="0" name="SigmoidTest" skipped="0" tests="3" time="0.035841">
    <testcase classname="SigmoidTest" name="SigmoidComponent" time="0.012477"/>
    <testcase classname="SigmoidTest" name="SigmoidComponentMset" time="0.010436"/>
    <testcase classname="SigmoidTest" name="SigmoidTriangular" time="0.012929"/>
  </testsuite>
  <testsuite errors="0" failures="0" name="Test_AffineMap" skipped="0" tests="1" time="0.14825">
    <testcase classname="Test_AffineMap" name="Test_AffineMap" time="0.14825"/>
  </testsuite>
  <testsuite errors="0" failures="0" name="Test_ComposedMap" skipped="0" tests="1" time="0.047697">
    <testcase classname="Test_ComposedMap" name="Test_ComposedMap" time="0.047697"/>
  </testsuite>
  <testsuite errors="0" failures="0" name="Test_MultiIndex" skipped="0" tests="1" time="0.036086">
    <testcase classname="Test_MultiIndex" name="Test_MultiIndex" time="0.036086"/>
  </testsuite>
  <testsuite errors="0" failures="0" name="Test_MultiIndexSet" skipped="0" tests="1" time="0.055388">
    <testcase classname="Test_MultiIndexSet" name="Test_MultiIndexSet" time="0.055388"/>
  </testsuite>
  <testsuite errors="0" failures="0" name="Test_ParameterizedFunction" skipped="0" tests="1" time="0.018654">
    <testcase classname="Test_ParameterizedFunction" name="Test_ParameterizedFunction" time="0.018654"/>
  </testsuite>
  <testsuite errors="0" failures="0" name="Test_TriangularMap" skipped="0" tests="1" time="0.35393">
    <testcase classname="Test_TriangularMap" name="Test_TriangularMap" time="0.35393"/>
  </testsuite>
  <testsuite errors="1" failures="0" name="TrainMapAdaptiveTest" skipped="0" tests="1" time="0.016425">
    <testcase classname="TrainMapAdaptiveTest" name="train" time="0.016425">
      <error>Error occurred in TrainMapAdaptiveTest/train and it did not run to completion.
    ---------
    Error ID:
    ---------
    'mexplus:arguments:error'
    --------------
    Error Details:
    --------------
    Error using MParT_
    Option name must be char but is given double.
    
    Error in TrainMapAdaptive (line 10)
        eval(input_str);
    
    Error in TrainMapAdaptiveTest/train (line 24)
                map1 = TrainMapAdaptive(msets1, obj1, map_options);</error>
    </testcase>
  </testsuite>
  <testsuite errors="0" failures="0" name="TrainMapTest" skipped="0" tests="1" time="0.35139">
    <testcase classname="TrainMapTest" name="train" time="0.35139"/>
  </testsuite>
</testsuites>
